make.exe all --print-data-base --no-builtin-variables --no-builtin-rules --question
make: *** No rule to make target 'ft_bzero.o', needed by 'libft.a'.  Stop.

# GNU Make 4.3
# Built for Windows32
# Copyright (C) 1988-2020 Free Software Foundation, Inc.
# License GPLv3+: GNU GPL version 3 or later <http://gnu.org/licenses/gpl.html>
# This is free software: you are free to change and redistribute it.
# There is NO WARRANTY, to the extent permitted by law.

# Make data base, printed on Wed Jun 08 02:18:03 2022

# Variables

# environment
FPS_BROWSER_APP_PROFILE_STRING = Internet Explorer
# environment
SYSTEMDRIVE = C:
# environment
JAVA_HOME = C:\Program Files\Java\jdk-17.0.1
# makefile (from 'Makefile', line 16)
OBJ = $(SRC:.c=.o)
# environment
LC_ALL = C
# makefile (from 'Makefile', line 14)
SRC = ft_bzero.c ft_isalpha.c ft_isascii.c ft_isdigit.c ft_memcpy.c
# environment
USERPROFILE = C:\Users\Petch
# environment
C_INCLUDE_PATH = C:\Users\Petch\scoop\apps\gcc\current\include
# environment
LOCALAPPDATA = C:\Users\Petch\AppData\Local
# environment
VSCODE_IPC_HOOK_EXTHOST = \\.\pipe\vscode-ipc-989cdbe2-82df-41fe-9d84-9073170c27a1-sock
# environment
WSLENV = BASH_ENV/u
# environment
VSCODE_CWD = G:\42BANGKOK\Libft
# environment
CHOCOLATEYINSTALL = C:\ProgramData\chocolatey
# environment
SYSTEMROOT = C:\WINDOWS
# environment
PROCESSOR_LEVEL = 6
# environment
PSMODULEPATH = C:\Program Files\WindowsPowerShell\Modules;C:\WINDOWS\system32\WindowsPowerShell\v1.0\Modules
# default
MAKE_COMMAND := C:/Users/Petch/scoop/apps/make/current/bin/make.exe
# automatic
@D = $(patsubst %/,%,$(patsubst %\,%,$(dir $@)))
# environment
CHROME_CRASHPAD_PIPE_NAME = \\.\pipe\crashpad_16396_HOBQRSWOTWSOCARQ
# environment
ONEDRIVECOMMERCIAL = C:\Users\Petch\OneDrive - Thammasat University
# environment
FPS_BROWSER_USER_PROFILE_STRING = Default
# environment
VSCODE_HANDLES_UNCAUGHT_ERRORS = true
# default
.VARIABLES := 
# automatic
%D = $(patsubst %/,%,$(patsubst %\,%,$(dir $%)))
# automatic
^D = $(patsubst %/,%,$(patsubst %\,%,$(dir $^)))
# environment
VSCODE_LOG_STACK = false
# automatic
%F = $(notdir $%)
# environment
VSCODE_CODE_CACHE_PATH = C:\Users\Petch\AppData\Roaming\Code\CachedData\c3511e6c69bb39013c4a4b7b9566ec1ca73fc4d5
# environment
LANG = C
# default
.LOADED := 
# environment
TMP = C:\Users\Petch\AppData\Local\Temp
# default
.INCLUDE_DIRS = .
# environment
PROCESSOR_ARCHITEW6432 = AMD64
# makefile
MAKEFLAGS = pqrR
# environment
INTEL_DEV_REDIST = C:\Program Files (x86)\Common Files\Intel\Shared Libraries\
# environment
ONEDRIVE = C:\Users\Petch\OneDrive - Thammasat University
# makefile
CURDIR := g:/42BANGKOK/Libft
# environment
VSCODE_PIPE_LOGGING = true
# environment
APPLICATION_INSIGHTS_NO_DIAGNOSTIC_CHANNEL = true
# automatic
*D = $(patsubst %/,%,$(patsubst %\,%,$(dir $*)))
# environment
PROGRAMFILES = C:\Program Files (x86)
# environment
MFLAGS = -pqrR
# default
.SHELLFLAGS := -c
# environment
COMMONPROGRAMW6432 = C:\Program Files\Common Files
# automatic
+D = $(patsubst %/,%,$(patsubst %\,%,$(dir $+)))
# makefile (from 'Makefile', line 1)
MAKEFILE_LIST := Makefile
# automatic
@F = $(notdir $@)
# environment
VSCODE_VERBOSE_LOGGING = true
# environment
VSCODE_PID = 16396
# automatic
?D = $(patsubst %/,%,$(patsubst %\,%,$(dir $?)))
# automatic
*F = $(notdir $*)
# automatic
<D = $(patsubst %/,%,$(patsubst %\,%,$(dir $<)))
# environment
VSCODE_NLS_CONFIG = {"locale":"th","availableLanguages":{},"_languagePackSupport":true}
# default
MAKE_HOST := Windows32
# environment
PROGRAMDATA = C:\ProgramData
# default
SHELL := sh.exe
# environment
HOMEPATH = \Users\Petch
# default
MAKECMDGOALS := all
# environment
DRIVERDATA = C:\Windows\System32\Drivers\DriverData
# environment
COMSPEC = C:\WINDOWS\system32\cmd.exe
# environment
WINDIR = C:\WINDOWS
# environment
ESET_OPTIONS = $(subst ,,                                                                                                                                                                                                                                                                                                                                                                                                                                                                                                                               )
# environment
MAKELEVEL := 0
# default
MAKE = $(MAKE_COMMAND)
# environment
PATH = C:\Program Files (x86)\VMware\VMware Workstation\bin\;C:\Program Files (x86)\Common Files\Intel\Shared Libraries\redist\intel64\compiler;C:\Program Files (x86)\Razer Chroma SDK\bin;C:\Program Files\Razer Chroma SDK\bin;C:\Program Files\Java\jdk-17.0.1\bin;C:\Windows\system32;C:\Windows;C:\Windows\System32\Wbem;C:\Windows\System32\WindowsPowerShell\v1.0\;C:\Windows\System32\OpenSSH\;C:\Program Files (x86)\NVIDIA Corporation\PhysX\Common;C:\Users\Petch\AppData\Local\Microsoft\WindowsApps;C:\Users\Petch\AppData\Local\Programs\Microsoft VS Code\bin;C:\Users\Petch\AppData\Local\atom\bin;C:\Users\Petch\AppData\Roaming\npm;C:\ffmpeg\bin;C:\Program Files\NVIDIA Corporation\NVIDIA NvDLISR;C:\WPy64-3920\python-3.9.2.amd64;C:\Users\Petch\AppData\Local\Packages\PythonSoftwareFoundation.Python.3.9_qbz5n2kfra8p0\LocalCache\local-packages\Python39\Scripts;C:\Program Files\Intel\WiFi\bin\;C:\Program Files\Common Files\Intel\WirelessCommon\;C:\Program Files\Git\cmd;C:\ProgramData\chocolatey\bin;C:\WINDOWS\system32;C:\WINDOWS;C:\WINDOWS\System32\Wbem;C:\WINDOWS\System32\WindowsPowerShell\v1.0\;C:\WINDOWS\System32\OpenSSH\;C:\mingw-w64\x86_64-8.1.0-posix-seh-rt_v6-rev0\mingw64\bin;C:\Users\Petch\scoop\apps\nodejs\current\bin;C:\Users\Petch\scoop\apps\nodejs\current;C:\Users\Petch\scoop\apps\nvm\current\nodejs\nodejs;C:\Users\Petch\scoop\shims;C:\Users\Petch\AppData\Local\Microsoft\WindowsApps;C:\Users\Petch\AppData\Local\Programs\Microsoft VS Code\bin;C:\Users\Petch\AppData\Local\atom\bin;C:\ffmpeg\bin;C:\Users\Petch\AppData\Roaming\npm;C:\WPy64-3920\python-3.9.2.amd64;C:\Users\Petch\AppData\Local\Packages\PythonSoftwareFoundation.Python.3.9_qbz5n2kfra8p0\LocalCache\local-packages\Python39\Scripts;C:\Program Files\Intel\WiFi\bin\;C:\Program Files\Common Files\Intel\WirelessCommon\;C:\Program Files\JetBrains\IntelliJ IDEA 2021.2.3\bin;C:\Program Files\Java\jdk-17.0.1\bin;C:\Users\Petch\AppData\Local\nvim\ctags58;C:\mingw-w64\x86_64-8.1.0-posix-seh-rt_v6-rev0\mingw64\bin;C:\marven\apache-maven-3.8.5\bin;;%USERPROFILE%\AppData\Local\Microsoft\WindowsApps
# environment
COMPUTERNAME = PETCH_PC
# default
MAKEFILES := 
# automatic
^F = $(notdir $^)
# makefile (fr 
om 'Makefile', line 19)
HEADER = libft.h
# environment
PROMPT = $P$G
# environment
CHOCOLATEYLASTPATHUPDATE = 132923407825252929
# environment
INTELLIJ IDEA = C:\Program Files\JetBrains\IntelliJ IDEA 2021.2.3\bin;
# environment
LOGONSERVER = \\PETCH_PC
# environment
VSCODE_LOG_NATIVE = false
# environment
USERNAME = Petch
# environment
COMMONPROGRAMFILES = C:\Program Files (x86)\Common Files
# automatic
?F = $(notdir $?)
# environment
PROGRAMW6432 = C:\Program Files
# makefile (from 'Makefile', line 13)
NAME = libft.a
# environment
PATHEXT = .COM;.EXE;.BAT;.CMD;.VBS;.VBE;.JS;.JSE;.WSF;.WSH;.MSC
# automatic
+F = $(notdir $+)
# environment
ORIGINAL_XDG_CURRENT_DESKTOP = undefined
# environment
USERDOMAIN = PETCH_PC
# 'override' directive
GNUMAKEFLAGS := 
# environment
OS = Windows_NT
# environment
BASH_ENV = /etc/bash.bashrc
# makefile
.DEFAULT_GOAL := all
# environment
NVM_HOME = C:\Users\Petch\scoop\apps\nvm\current
# default
MAKE_VERSION := 4.3
# environment
PROGRAMFILES(X86) = C:\Program Files (x86)
# environment
USERDOMAIN_ROAMINGPROFILE = PETCH_PC
# environment
NUMBER_OF_PROCESSORS = 8
# environment
PUBLIC = C:\Users\Public
# environment
ASL.LOG = Destination=file
# environment
APPDATA = C:\Users\Petch\AppData\Roaming
# makefile (from 'Makefile', line 18)
CFLAGS = -Wall -Werror -Wextra
# environment
HOMEDRIVE = C:
# environment
NVM_SYMLINK = C:\Users\Petch\scoop\persist\nvm\nodejs\nodejs
# environment
PROCESSOR_ARCHITECTURE = x86
# environment
CPLUS_INCLUDE_PATH = C:\Users\Petch\scoop\apps\gcc\current\include
# environment
VSCODE_AMD_ENTRYPOINT = vs/workbench/api/node/extensionHostProcess
# environment
COMMONPROGRAMFILES(X86) = C:\Program Files (x86)\Common Files
# environment
ELECTRON_RUN_AS_NODE = 1
# environment
TEMP = C:\Users\Petch\AppData\Local\Temp
# environment
VSCODE_IPC_HOOK = \\.\pipe\f32e35678ea9c2b15da38c644990e1de-1.67.2-main-sock
# default
.RECIPEPREFIX := 
# automatic
<F = $(notdir $<)
# default
SUFFIXES := 
# environment
ALLUSERSPROFILE = C:\ProgramData
# environment
SESSIONNAME = Console
# default
.FEATURES := target-specific order-only second-expansion else-if shortest-stem undefine oneshell nocomment grouped-target extra-prereqs archives jobserver output-sync load
# environment
MIC_LD_LIBRARY_PATH = C:\Program Files (x86)\Common Files\Intel\Shared Libraries\compiler\lib\mic
# environment
PROCESSOR_REVISION = 5e03
# makefile (from 'Makefile', line 17)
CC = gcc
# environment
PROCESSOR_IDENTIFIER = Intel64 Family 6 Model 94 Stepping 3, GenuineIntel
# variable set hash-table stats:
# Load=115/1024=11%, Rehash=0, Collisions=21/147=14%

# Pattern-specific Variable Values

# No pattern-specific variable values.

# Directories

# . (key g:/42BANGKOK/Libft, mtime 1654629383): 18 files, no impossibilities.

# 18 files, no impossibilities in 1 directories.

# Implicit Rules

# No implicit rules.

# Files

# Not a target:
ft_isalpha.o:
#  Implicit rule search has not been done.
#  Modification time never checked.
#  File has not been updated.

libft.a: ft_bzero.o ft_isalpha.o ft_isascii.o ft_isdigit.o ft_memcpy.o libft.h
#  Implicit rule search has not been done.
#  Last modified 2022-06-08 02:13:08
#  File has not been updated.
#  recipe to execute (from 'Makefile', line 24):
	ar rcs $(NAME) $(OBJ)

# Not a target:
Makefile:
#  Implicit rule search has been done.
#  Last modified 2022-06-08 02:17:06
#  File has been updated.
#  Successfully updated.

clean:
#  Phony target (prerequisite of .PHONY).
#  Implicit rule search has not been done.
#  File does not exist.
#  File has not been updated.
#  recipe to execute (from 'Makefile', line 27):
	rm -f $(OBJ)

# Not a target:
ft_isascii.o:
#  Implicit rule search has not been done.
#  Modification time never checked.
#  File has not been updated.

# Not a target:
ft_memcpy.o:
#  Implicit rule search has not been done.
#  Modification time never checked.
#  File has not been updated.

re: fclean all
#  Phony target (prerequisite of .PHONY).
#  Implicit rule search has not been done.
#  File does not exist.
#  File has not been updated.

# Not a target:
ft_bzero.o:
#  Implicit rule search has been done.
#  File does not exist.
#  File has not been updated.

# Not a target:
libft.h:
#  Implicit rule search has not been done.
#  Modification time never checked.
#  File has not been updated.

# Not a target:
ft_isdigit.o:
#  Implicit rule search has not been done.
#  Modification time never checked.
#  File has not been updated.

# Not a target:
.DEFAULT:
#  Implicit rule search has not been done.
#  Modification time never checked.
#  File has not been updated.

all: libft.a
#  Phony target (prerequisite of .PHONY).
#  Command line target.
#  Implicit rule search has not been done.
#  File does not exist.
#  File has not been updated.

fclean: clean
#  Phony target (prerequisite of .PHONY).
#  Implicit rule search has not been done.
#  File does not exist.
#  File has not been updated.
#  recipe to execute (from 'Makefile', line 30):
	rm -f $(NAME)

.PHONY: clean fclean re all
#  Implicit rule search has not been done.
#  Modification time never checked.
#  File has not been updated.

# files hash-table stats:
# Load=15/1024=1%, Rehash=0, Collisions=0/41=0%
# VPATH Search Paths

# No 'vpath' search paths.

# No general ('VPATH' variable) search path.

# strcache buffers: 1 (0) / strings = 30 / storage = 298 B / avg = 9 B
# current buf: size = 8174 B / used = 298 B / count = 30 / avg = 9 B

# strcache performance: lookups = 51 / hit rate = 41%
# hash-table stats:
# Load=30/8192=0%, Rehash=0, Collisions=0/51=0%
# Finished Make data base on Wed Jun 08 02:18:03 2022

 
